<?xml version="1.0" encoding="UTF-8" standalone="no"?>
<?xml-stylesheet type="text/xsl" href="../../jgenhtml.xsl"?><coverage branch-rate="NaN" branches-covered="0" branches-valid="0" complexity="0" date="2023-12-21" filename="module_details_page.dart" function-rate="NaN" functions-covered="0" functions-valid="0" line-rate="1.0" lines-covered="34" lines-valid="34" package="pages/courses" testname="lcov.info" version="1.6">
    <lines>
        <line number="1">
            <code>import 'package:flutter/material.dart';</code>
        </line>
        <line number="2">
            <code>import 'package:organisation_app/model/module.dart';</code>
        </line>
        <line number="3">
            <code/>
        </line>
        <line number="4">
            <code>class ModuleDetailsPage extends StatelessWidget {</code>
        </line>
        <line number="5">
            <code>  final Module module;</code>
        </line>
        <line number="6">
            <code/>
        </line>
        <line hits="2" number="7">
            <code>  const ModuleDetailsPage({Key? key, required this.module}) : super(key: key);</code>
            <hit count="2" name="&lt;unnamed&gt;"/>
        </line>
        <line number="8">
            <code/>
        </line>
        <line hits="1" number="9">
            <code>  @override</code>
            <hit count="1" name="&lt;unnamed&gt;"/>
        </line>
        <line number="10">
            <code>  Widget build(BuildContext context) {</code>
        </line>
        <line hits="1" number="11">
            <code>    return Scaffold(</code>
            <hit count="1" name="&lt;unnamed&gt;"/>
        </line>
        <line hits="1" number="12">
            <code>      appBar: AppBar(</code>
            <hit count="1" name="&lt;unnamed&gt;"/>
        </line>
        <line hits="3" number="13">
            <code>        title: Text(module.name),</code>
            <hit count="3" name="&lt;unnamed&gt;"/>
        </line>
        <line hits="1" number="14">
            <code>        leading: IconButton(</code>
            <hit count="1" name="&lt;unnamed&gt;"/>
        </line>
        <line number="15">
            <code>          icon: const Icon(Icons.arrow_back),</code>
        </line>
        <line hits="3" number="16">
            <code>          onPressed: () =&gt; Navigator.of(context).pop(),</code>
            <hit count="3" name="&lt;unnamed&gt;"/>
        </line>
        <line number="17">
            <code>        ),</code>
        </line>
        <line number="18">
            <code>      ),</code>
        </line>
        <line hits="1" number="19">
            <code>      body: SingleChildScrollView(</code>
            <hit count="1" name="&lt;unnamed&gt;"/>
        </line>
        <line number="20">
            <code>        padding: const EdgeInsets.all(16.0),</code>
        </line>
        <line hits="1" number="21">
            <code>        child: Column(</code>
            <hit count="1" name="&lt;unnamed&gt;"/>
        </line>
        <line number="22">
            <code>          crossAxisAlignment: CrossAxisAlignment.start,</code>
        </line>
        <line hits="1" number="23">
            <code>          children: [</code>
            <hit count="1" name="&lt;unnamed&gt;"/>
        </line>
        <line hits="3" number="24">
            <code>            _buildModuleDetailCard('Name', module.name, 'ðŸ“œ'),</code>
            <hit count="3" name="&lt;unnamed&gt;"/>
        </line>
        <line hits="4" number="25">
            <code>            _buildModuleDetailCard('ECTS', module.ects.toString(), 'ðŸŽ“'),</code>
            <hit count="4" name="&lt;unnamed&gt;"/>
        </line>
        <line hits="4" number="26">
            <code>            _buildModuleDetailCard('SWS', module.sws.toString(), 'ðŸ•’'),</code>
            <hit count="4" name="&lt;unnamed&gt;"/>
        </line>
        <line hits="1" number="27">
            <code>            _buildModuleDetailCard(</code>
            <hit count="1" name="&lt;unnamed&gt;"/>
        </line>
        <line hits="2" number="28">
            <code>                'Verantwortlich', module.verantwortlich, 'ðŸ‘¤'),</code>
            <hit count="2" name="&lt;unnamed&gt;"/>
        </line>
        <line hits="3" number="29">
            <code>            _buildModuleDetailCard('Sprachen', module.sprachen, 'ðŸŒ�'),</code>
            <hit count="3" name="&lt;unnamed&gt;"/>
        </line>
        <line hits="3" number="30">
            <code>            _buildModuleDetailCard('Lehrform', module.lehrform, 'ðŸ“š'),</code>
            <hit count="3" name="&lt;unnamed&gt;"/>
        </line>
        <line hits="3" number="31">
            <code>            _buildModuleDetailCard('Angebot', module.angebot, 'ðŸ”„'),</code>
            <hit count="3" name="&lt;unnamed&gt;"/>
        </line>
        <line hits="3" number="32">
            <code>            _buildModuleDetailCard('Aufwand', module.aufwand, 'â�³'),</code>
            <hit count="3" name="&lt;unnamed&gt;"/>
        </line>
        <line hits="1" number="33">
            <code>            _buildModuleDetailCard(</code>
            <hit count="1" name="&lt;unnamed&gt;"/>
        </line>
        <line hits="2" number="34">
            <code>                'Voraussetzungen', module.voraussetzungen, 'ðŸ”�'),</code>
            <hit count="2" name="&lt;unnamed&gt;"/>
        </line>
        <line hits="3" number="35">
            <code>            _buildModuleDetailCard('Ziele', module.ziele, 'ðŸŽ¯'),</code>
            <hit count="3" name="&lt;unnamed&gt;"/>
        </line>
        <line hits="3" number="36">
            <code>            _buildModuleDetailCard('Inhalt', module.inhalt, 'ðŸ“–'),</code>
            <hit count="3" name="&lt;unnamed&gt;"/>
        </line>
        <line hits="1" number="37">
            <code>            _buildModuleDetailCard(</code>
            <hit count="1" name="&lt;unnamed&gt;"/>
        </line>
        <line hits="2" number="38">
            <code>                'Medien und Methoden', module.medienUndMethoden, 'ðŸ’»'),</code>
            <hit count="2" name="&lt;unnamed&gt;"/>
        </line>
        <line hits="3" number="39">
            <code>            _buildModuleDetailCard('Literatur', module.literatur, 'ðŸ“š'),</code>
            <hit count="3" name="&lt;unnamed&gt;"/>
        </line>
        <line number="40">
            <code>          ],</code>
        </line>
        <line number="41">
            <code>        ),</code>
        </line>
        <line number="42">
            <code>      ),</code>
        </line>
        <line number="43">
            <code>    );</code>
        </line>
        <line number="44">
            <code>  }</code>
        </line>
        <line number="45">
            <code/>
        </line>
        <line hits="1" number="46">
            <code>  Widget _buildModuleDetailCard(String title, String content, String emoji) {</code>
            <hit count="1" name="&lt;unnamed&gt;"/>
        </line>
        <line hits="1" number="47">
            <code>    return Card(</code>
            <hit count="1" name="&lt;unnamed&gt;"/>
        </line>
        <line number="48">
            <code>      margin: const EdgeInsets.symmetric(vertical: 8.0),</code>
        </line>
        <line hits="1" number="49">
            <code>      child: Padding(</code>
            <hit count="1" name="&lt;unnamed&gt;"/>
        </line>
        <line number="50">
            <code>        padding: const EdgeInsets.all(8.0),</code>
        </line>
        <line hits="1" number="51">
            <code>        child: ListTile(</code>
            <hit count="1" name="&lt;unnamed&gt;"/>
        </line>
        <line hits="1" number="52">
            <code>          leading: Text(emoji,</code>
            <hit count="1" name="&lt;unnamed&gt;"/>
        </line>
        <line number="53">
            <code>              style: const TextStyle(</code>
        </line>
        <line number="54">
            <code>                fontSize: 24,</code>
        </line>
        <line number="55">
            <code>              )),</code>
        </line>
        <line hits="1" number="56">
            <code>          title: Text(</code>
            <hit count="1" name="&lt;unnamed&gt;"/>
        </line>
        <line number="57">
            <code>            title,</code>
        </line>
        <line number="58">
            <code>            style: const TextStyle(</code>
        </line>
        <line number="59">
            <code>              fontSize: 18,</code>
        </line>
        <line number="60">
            <code>              fontWeight: FontWeight.bold,</code>
        </line>
        <line number="61">
            <code>              color: Colors.white,</code>
        </line>
        <line number="62">
            <code>            ),</code>
        </line>
        <line number="63">
            <code>          ),</code>
        </line>
        <line hits="1" number="64">
            <code>          subtitle: Padding(</code>
            <hit count="1" name="&lt;unnamed&gt;"/>
        </line>
        <line number="65">
            <code>            padding: const EdgeInsets.only(top: 8.0),</code>
        </line>
        <line hits="1" number="66">
            <code>            child: Text(content),</code>
            <hit count="1" name="&lt;unnamed&gt;"/>
        </line>
        <line number="67">
            <code>          ),</code>
        </line>
        <line number="68">
            <code>        ),</code>
        </line>
        <line number="69">
            <code>      ),</code>
        </line>
        <line number="70">
            <code>    );</code>
        </line>
        <line number="71">
            <code>  }</code>
        </line>
        <line number="72">
            <code>}</code>
        </line>
    </lines>
    <config branch-coverage="true" description-file="false" function-coverage="true" genhtml_hi_limit="90" genhtml_med_limit="75" legend="false" no-sort="false" no-source="false" show-details="false"/>
    <base href="../../"/>
    <base href="../../"/>
</coverage>
