<?xml version="1.0" encoding="UTF-8" standalone="no"?>
<?xml-stylesheet type="text/xsl" href="../../../jgenhtml.xsl"?><coverage branch-rate="NaN" branches-covered="0" branches-valid="0" complexity="0" date="2024-01-13" filename="initialization_page.dart" function-rate="NaN" functions-covered="0" functions-valid="0" line-rate="1.0" lines-covered="8" lines-valid="8" package="lib/pages/login" testname="lcov.info" version="1.6">
    <lines>
        <line number="1">
            <code>import 'package:flutter/material.dart';</code>
        </line>
        <line number="2">
            <code>import 'package:http/http.dart' as http;</code>
        </line>
        <line number="3">
            <code>import 'package:organisation_app/pages/login/login_page.dart';</code>
        </line>
        <line number="4">
            <code>import 'package:organisation_app/pages/my_courses/my_courses_page.dart';</code>
        </line>
        <line number="5">
            <code>import 'package:organisation_app/settings/app_settings.dart';</code>
        </line>
        <line number="6">
            <code>import 'package:provider/provider.dart';</code>
        </line>
        <line number="7">
            <code/>
        </line>
        <line number="8">
            <code>class InitializationPage extends StatelessWidget {</code>
        </line>
        <line number="9">
            <code>  final http.Client _client;</code>
        </line>
        <line number="10">
            <code/>
        </line>
        <line hits="3" number="11">
            <code>  InitializationPage({Key? key, http.Client? client})</code>
            <hit count="3" name="&lt;unnamed&gt;"/>
        </line>
        <line hits="3" number="12">
            <code>      : _client = client ?? http.Client(),</code>
            <hit count="3" name="&lt;unnamed&gt;"/>
        </line>
        <line hits="3" number="13">
            <code>        super(key: key);</code>
            <hit count="3" name="&lt;unnamed&gt;"/>
        </line>
        <line number="14">
            <code/>
        </line>
        <line hits="2" number="15">
            <code>  @override</code>
            <hit count="2" name="&lt;unnamed&gt;"/>
        </line>
        <line number="16">
            <code>  Widget build(BuildContext context) {</code>
        </line>
        <line hits="2" number="17">
            <code>    AppSettings appSettings = Provider.of&lt;AppSettings&gt;(context);</code>
            <hit count="2" name="&lt;unnamed&gt;"/>
        </line>
        <line number="18">
            <code/>
        </line>
        <line hits="2" number="19">
            <code>    if (appSettings.hasValidUser()) {</code>
            <hit count="2" name="&lt;unnamed&gt;"/>
        </line>
        <line hits="2" number="20">
            <code>      return MyCoursesPage(client: _client);</code>
            <hit count="2" name="&lt;unnamed&gt;"/>
        </line>
        <line number="21">
            <code>    }</code>
        </line>
        <line number="22">
            <code/>
        </line>
        <line hits="4" number="23">
            <code>    return LoginPage(client: _client);</code>
            <hit count="4" name="&lt;unnamed&gt;"/>
        </line>
        <line number="24">
            <code>  }</code>
        </line>
        <line number="25">
            <code>}</code>
        </line>
    </lines>
    <config branch-coverage="true" description-file="false" function-coverage="true" genhtml_hi_limit="90" genhtml_med_limit="75" legend="false" no-sort="false" no-source="false" show-details="false"/>
    <base href="../../../"/>
    <base href="../../../"/>
</coverage>
