<?xml version="1.0" encoding="UTF-8" standalone="no"?>
<?xml-stylesheet type="text/xsl" href="../../jgenhtml.xsl"?><coverage branch-rate="NaN" branches-covered="0" branches-valid="0" complexity="0" date="2024-01-13" filename="user_controller.dart" function-rate="NaN" functions-covered="0" functions-valid="0" line-rate="1.0" lines-covered="7" lines-valid="7" package="lib/controller" testname="lcov.info" version="1.6">
    <lines>
        <line number="1">
            <code>import 'dart:convert';</code>
        </line>
        <line number="2">
            <code/>
        </line>
        <line number="3">
            <code>import 'package:http/http.dart' as http;</code>
        </line>
        <line number="4">
            <code>import 'package:organisation_app/settings/environment.dart';</code>
        </line>
        <line number="5">
            <code/>
        </line>
        <line number="6">
            <code>import '../model/app_user.dart';</code>
        </line>
        <line number="7">
            <code/>
        </line>
        <line number="8">
            <code>class UserController {</code>
        </line>
        <line hits="3" number="9">
            <code>  static final _apiUrl = Environment.apiUrl;</code>
            <hit count="3" name="&lt;unnamed&gt;"/>
        </line>
        <line number="10">
            <code>  final http.Client _client;</code>
        </line>
        <line number="11">
            <code/>
        </line>
        <line hits="2" number="12">
            <code>  UserController({required http.Client client}) : _client = client;</code>
            <hit count="2" name="&lt;unnamed&gt;"/>
        </line>
        <line number="13">
            <code/>
        </line>
        <line hits="1" number="14">
            <code>  Future&lt;AppUser&gt; getUser(String userName) async {</code>
            <hit count="1" name="&lt;unnamed&gt;"/>
        </line>
        <line number="15">
            <code>    // access REST interface with get request</code>
        </line>
        <line hits="5" number="16">
            <code>    final response = await _client.get(Uri.parse('$_apiUrl/users/$userName'));</code>
            <hit count="5" name="&lt;unnamed&gt;"/>
        </line>
        <line number="17">
            <code/>
        </line>
        <line number="18">
            <code>    // check response from backend</code>
        </line>
        <line hits="2" number="19">
            <code>    if (response.statusCode == 200) {</code>
            <hit count="2" name="&lt;unnamed&gt;"/>
        </line>
        <line hits="4" number="20">
            <code>      return AppUser.fromJsonMap(json.decode(utf8.decode(response.bodyBytes)));</code>
            <hit count="4" name="&lt;unnamed&gt;"/>
        </line>
        <line number="21">
            <code>    } else {</code>
        </line>
        <line hits="1" number="22">
            <code>      throw Exception('User not found.');</code>
            <hit count="1" name="&lt;unnamed&gt;"/>
        </line>
        <line number="23">
            <code>    } // end of if</code>
        </line>
        <line number="24">
            <code>  } // end of getUser()</code>
        </line>
        <line number="25">
            <code>} // end of class UserController</code>
        </line>
    </lines>
    <config branch-coverage="true" description-file="false" function-coverage="true" genhtml_hi_limit="90" genhtml_med_limit="75" legend="false" no-sort="false" no-source="false" show-details="false"/>
    <base href="../../"/>
    <base href="../../"/>
</coverage>
