<?xml version="1.0" encoding="UTF-8" standalone="no"?>
<?xml-stylesheet type="text/xsl" href="../jgenhtml.xsl"?><coverage branch-rate="NaN" branches-covered="0" branches-valid="0" complexity="0" date="2023-12-21" filename="index" function-rate="NaN" functions-covered="0" functions-valid="0" line-rate="0.6981132" lines-covered="37" lines-valid="53" package="model" testname="lcov.info" version="1.6">
    <sources>
        <source branches-hit="0" branches-valid="0" filename="module.dart" functions-hit="0" functions-valid="0" lines-hit="37" lines-valid="37" prefix="/04_Coding/02_Projects/02_SE_Project_05/apps/frontend/lib/">
            <testCase branches-hit="0" functions-hit="0" lines-hit="37" name="&lt;unnamed&gt;"/>
        </source>
        <source branches-hit="0" branches-valid="0" filename="task.dart" functions-hit="0" functions-valid="0" lines-hit="0" lines-valid="16" prefix="/04_Coding/02_Projects/02_SE_Project_05/apps/frontend/lib/"/>
    </sources>
    <config branch-coverage="true" description-file="false" function-coverage="true" genhtml_hi_limit="90" genhtml_med_limit="75" legend="false" no-sort="false" no-source="false" show-details="false"/>
    <base href="../"/>
    <base href="../"/>
</coverage>
