<?xml version="1.0" encoding="UTF-8" standalone="no"?>
<?xml-stylesheet type="text/xsl" href="../../../jgenhtml.xsl"?><coverage branch-rate="NaN" branches-covered="0" branches-valid="0" complexity="0" date="2024-01-13" filename="primuss_page.dart" function-rate="NaN" functions-covered="0" functions-valid="0" line-rate="1.0" lines-covered="5" lines-valid="5" package="lib/pages/primuss" testname="lcov.info" version="1.6">
    <lines>
        <line number="1">
            <code>import 'package:flutter/material.dart';</code>
        </line>
        <line number="2">
            <code>import 'package:organisation_app/shared/integrated_browser.dart';</code>
        </line>
        <line number="3">
            <code>import 'package:webview_flutter/webview_flutter.dart';</code>
        </line>
        <line number="4">
            <code/>
        </line>
        <line number="5">
            <code>class PrimussPage extends StatelessWidget {</code>
        </line>
        <line hits="2" number="6">
            <code>  PrimussPage({super.key, WebViewController? webViewController})</code>
            <hit count="2" name="&lt;unnamed&gt;"/>
        </line>
        <line hits="1" number="7">
            <code>      : _webViewController = webViewController ?? WebViewController();</code>
            <hit count="1" name="&lt;unnamed&gt;"/>
        </line>
        <line number="8">
            <code>  final WebViewController _webViewController;</code>
        </line>
        <line number="9">
            <code/>
        </line>
        <line hits="2" number="10">
            <code>  @override</code>
            <hit count="2" name="&lt;unnamed&gt;"/>
        </line>
        <line number="11">
            <code>  Widget build(BuildContext context) {</code>
        </line>
        <line hits="2" number="12">
            <code>    return IntegratedBrowser(</code>
            <hit count="2" name="&lt;unnamed&gt;"/>
        </line>
        <line number="13">
            <code>        title: "Primuss",</code>
        </line>
        <line number="14">
            <code>        startUrl: 'https://www.primuss.de/portal-fhm',</code>
        </line>
        <line hits="2" number="15">
            <code>        webViewController: _webViewController);</code>
            <hit count="2" name="&lt;unnamed&gt;"/>
        </line>
        <line number="16">
            <code>  }</code>
        </line>
        <line number="17">
            <code>}</code>
        </line>
    </lines>
    <config branch-coverage="true" description-file="false" function-coverage="true" genhtml_hi_limit="90" genhtml_med_limit="75" legend="false" no-sort="false" no-source="false" show-details="false"/>
    <base href="../../../"/>
    <base href="../../../"/>
</coverage>
