<?xml version="1.0" encoding="UTF-8" standalone="no"?>
<?xml-stylesheet type="text/xsl" href="../../../jgenhtml.xsl"?><coverage branch-rate="NaN" branches-covered="0" branches-valid="0" complexity="0" date="2024-01-13" filename="index" function-rate="NaN" functions-covered="0" functions-valid="0" line-rate="1.0" lines-covered="120" lines-valid="120" package="lib/pages/todos" testname="lcov.info" version="1.6">
    <sources>
        <source branches-hit="0" branches-valid="0" filename="todos_page.dart" functions-hit="0" functions-valid="0" lines-hit="66" lines-valid="66" prefix="/04_Coding/02_Projects/02_SE_Project_05/apps/frontend/">
            <testCase branches-hit="0" functions-hit="0" lines-hit="66" name="&lt;unnamed&gt;"/>
        </source>
        <source branches-hit="0" branches-valid="0" filename="create_todo_dialog.dart" functions-hit="0" functions-valid="0" lines-hit="54" lines-valid="54" prefix="/04_Coding/02_Projects/02_SE_Project_05/apps/frontend/">
            <testCase branches-hit="0" functions-hit="0" lines-hit="54" name="&lt;unnamed&gt;"/>
        </source>
    </sources>
    <config branch-coverage="true" description-file="false" function-coverage="true" genhtml_hi_limit="90" genhtml_med_limit="75" legend="false" no-sort="false" no-source="false" show-details="false"/>
    <base href="../../../"/>
    <base href="../../../"/>
</coverage>
