<?xml version="1.0" encoding="UTF-8" standalone="no"?>
<?xml-stylesheet type="text/xsl" href="../../jgenhtml.xsl"?><coverage branch-rate="NaN" branches-covered="0" branches-valid="0" complexity="0" date="2024-01-13" filename="app.dart" function-rate="NaN" functions-covered="0" functions-valid="0" line-rate="1.0" lines-covered="8" lines-valid="8" package="lib/app" testname="lcov.info" version="1.6">
    <lines>
        <line number="1">
            <code>import 'package:flutter/material.dart';</code>
        </line>
        <line number="2">
            <code>import 'package:organisation_app/app/routes.dart';</code>
        </line>
        <line number="3">
            <code>import 'package:organisation_app/settings/app_settings.dart';</code>
        </line>
        <line number="4">
            <code>import 'package:provider/provider.dart';</code>
        </line>
        <line number="5">
            <code>import 'package:shared_preferences/shared_preferences.dart';</code>
        </line>
        <line number="6">
            <code/>
        </line>
        <line number="7">
            <code>import 'theme.dart';</code>
        </line>
        <line number="8">
            <code/>
        </line>
        <line number="9">
            <code>class OrganisationApp extends StatelessWidget {</code>
        </line>
        <line number="10">
            <code>  final SharedPreferences _preferences;</code>
        </line>
        <line number="11">
            <code/>
        </line>
        <line hits="1" number="12">
            <code>  const OrganisationApp({super.key, required SharedPreferences preferences})</code>
            <hit count="1" name="&lt;unnamed&gt;"/>
        </line>
        <line number="13">
            <code>      : _preferences = preferences;</code>
        </line>
        <line number="14">
            <code/>
        </line>
        <line hits="1" number="15">
            <code>  @override</code>
            <hit count="1" name="&lt;unnamed&gt;"/>
        </line>
        <line number="16">
            <code>  Widget build(BuildContext context) {</code>
        </line>
        <line hits="1" number="17">
            <code>    return MultiProvider(</code>
            <hit count="1" name="&lt;unnamed&gt;"/>
        </line>
        <line hits="1" number="18">
            <code>      providers: [</code>
            <hit count="1" name="&lt;unnamed&gt;"/>
        </line>
        <line hits="4" number="19">
            <code>        ChangeNotifierProvider(create: (context) =&gt; AppSettings(_preferences)),</code>
            <hit count="4" name="&lt;unnamed&gt;"/>
        </line>
        <line number="20">
            <code>      ],</code>
        </line>
        <line hits="1" number="21">
            <code>      child: MaterialApp(</code>
            <hit count="1" name="&lt;unnamed&gt;"/>
        </line>
        <line number="22">
            <code>        title: 'Organisation App',</code>
        </line>
        <line hits="1" number="23">
            <code>        theme: appTheme,</code>
            <hit count="1" name="&lt;unnamed&gt;"/>
        </line>
        <line hits="1" number="24">
            <code>        routes: appRoutes,</code>
            <hit count="1" name="&lt;unnamed&gt;"/>
        </line>
        <line number="25">
            <code>        initialRoute: '/init',</code>
        </line>
        <line number="26">
            <code>        debugShowCheckedModeBanner: false,</code>
        </line>
        <line number="27">
            <code>      ),</code>
        </line>
        <line number="28">
            <code>    );</code>
        </line>
        <line number="29">
            <code>  } // end of build()</code>
        </line>
        <line number="30">
            <code>} // end of class OrganisationApp</code>
        </line>
    </lines>
    <config branch-coverage="true" description-file="false" function-coverage="true" genhtml_hi_limit="90" genhtml_med_limit="75" legend="false" no-sort="false" no-source="false" show-details="false"/>
    <base href="../../"/>
    <base href="../../"/>
</coverage>
