SF:lib\model\module.dart
DA:20,3
DA:41,2
DA:42,1
DA:43,1
DA:44,1
DA:45,1
DA:46,1
DA:47,1
DA:48,1
DA:49,1
DA:50,1
DA:51,1
DA:52,1
DA:53,1
DA:54,1
DA:55,1
DA:56,1
DA:57,1
DA:58,1
DA:62,4
DA:63,2
DA:64,2
DA:65,2
DA:66,2
DA:67,2
DA:68,2
DA:69,2
DA:70,2
DA:71,2
DA:72,2
DA:73,2
DA:74,2
DA:75,2
DA:76,2
DA:77,2
DA:78,2
DA:79,2
LF:37
LH:37
end_of_record
SF:lib\services\backend.dart
DA:10,3
DA:12,1
DA:13,1
DA:16,1
DA:21,4
DA:24,0
DA:26,0
DA:29,0
DA:30,0
DA:31,0
DA:32,0
DA:34,0
DA:39,0
DA:41,0
DA:50,0
DA:51,0
DA:52,0
DA:55,0
DA:56,0
DA:58,0
DA:63,0
DA:65,0
DA:73,0
DA:74,0
DA:75,0
DA:78,0
DA:79,0
DA:84,0
DA:85,0
DA:90,0
DA:91,0
DA:92,0
DA:93,0
DA:96,0
DA:97,0
DA:102,1
DA:104,4
DA:107,2
DA:108,3
DA:110,1
DA:112,4
DA:115,1
DA:118,1
DA:123,1
DA:132,1
DA:133,1
DA:134,1
DA:139,1
DA:140,1
DA:145,4
DA:148,1
DA:151,2
DA:152,3
DA:153,1
DA:155,4
DA:157,1
DA:160,1
DA:163,2
DA:168,1
DA:170,4
DA:173,2
DA:174,4
DA:176,1
DA:181,0
DA:183,0
DA:189,0
DA:190,0
DA:191,0
DA:194,0
DA:195,0
DA:200,0
DA:202,0
DA:205,0
DA:206,0
DA:207,0
DA:209,0
LF:76
LH:33
end_of_record
SF:lib\settings\environment.dart
DA:5,2
DA:13,1
DA:14,2
LF:3
LH:3
end_of_record
SF:lib\model\task.dart
DA:9,0
DA:19,0
DA:20,0
DA:21,0
DA:22,0
DA:23,0
DA:24,0
DA:25,0
DA:28,0
DA:31,0
DA:32,0
DA:33,0
DA:34,0
DA:35,0
DA:36,0
DA:37,0
LF:16
LH:0
end_of_record
SF:lib\pages\courses\module_details_page.dart
DA:7,2
DA:9,1
DA:11,1
DA:12,1
DA:13,3
DA:14,1
DA:16,3
DA:19,1
DA:21,1
DA:23,1
DA:24,3
DA:25,4
DA:26,4
DA:27,1
DA:28,2
DA:29,3
DA:30,3
DA:31,3
DA:32,3
DA:33,1
DA:34,2
DA:35,3
DA:36,3
DA:37,1
DA:38,2
DA:39,3
DA:46,1
DA:47,1
DA:49,1
DA:51,1
DA:52,1
DA:56,1
DA:64,1
DA:66,1
LF:34
LH:34
end_of_record
SF:lib\pages\courses\module_search_delegate.dart
DA:11,1
DA:13,1
DA:15,1
DA:16,1
DA:18,2
DA:23,1
DA:25,1
DA:27,2
DA:31,1
DA:33,1
DA:34,2
DA:35,1
DA:36,1
DA:38,1
DA:39,2
DA:41,1
DA:42,4
DA:43,3
DA:46,1
DA:47,2
DA:48,1
DA:49,2
DA:50,1
DA:51,2
DA:52,2
DA:53,1
DA:54,3
DA:55,2
DA:66,1
DA:68,1
LF:30
LH:30
end_of_record
