SF:lib\controller\course_controller.dart
DA:12,18
DA:13,21
DA:17,7
DA:20,4
DA:22,5
DA:24,5
DA:27,10
DA:31,5
DA:32,10
DA:33,4
DA:34,3
DA:35,4
DA:39,4
DA:42,4
DA:43,4
DA:45,2
DA:46,6
DA:47,6
DA:49,2
DA:51,3
DA:52,3
DA:55,6
DA:56,3
DA:62,2
DA:63,2
DA:68,4
DA:71,2
DA:72,2
DA:73,2
DA:74,2
DA:77,2
DA:79,2
DA:80,1
DA:81,4
DA:85,2
DA:88,2
DA:89,2
DA:90,4
DA:93,2
DA:94,6
DA:98,4
DA:99,2
DA:105,2
DA:106,2
DA:107,8
DA:112,2
DA:113,10
DA:114,2
DA:115,2
DA:116,2
DA:117,1
DA:118,4
DA:122,4
DA:125,2
DA:126,2
DA:127,8
DA:131,2
DA:132,10
DA:133,2
DA:134,1
DA:135,4
DA:140,4
LF:62
LH:62
end_of_record
SF:lib\main.dart
DA:8,15
DA:9,45
LF:2
LH:2
end_of_record
SF:lib\model\course.dart
DA:21,4
DA:35,4
DA:39,3
DA:40,2
DA:41,2
DA:42,2
DA:43,1
DA:44,1
DA:47,1
DA:51,3
DA:54,8
DA:55,4
DA:56,4
DA:57,4
DA:58,4
DA:59,5
DA:60,5
DA:61,5
DA:62,8
DA:63,8
DA:64,5
DA:65,8
DA:66,8
DA:69,6
DA:70,3
DA:71,3
DA:72,3
DA:73,3
DA:74,3
DA:75,2
DA:78,5
DA:79,3
DA:80,2
DA:82,3
DA:83,2
DA:85,3
DA:86,2
DA:88,3
DA:89,2
DA:91,3
DA:92,2
DA:94,3
DA:95,2
DA:99,9
DA:101,1
DA:102,2
LF:46
LH:46
end_of_record
SF:lib\model\course_subscription.dart
DA:7,3
DA:12,6
DA:13,3
DA:14,3
DA:17,1
DA:18,1
DA:19,1
DA:20,1
DA:23,9
DA:25,1
DA:26,2
LF:11
LH:11
end_of_record
SF:lib\settings\environment.dart
DA:5,17
DA:13,12
DA:14,24
LF:3
LH:3
end_of_record
SF:lib\model\task.dart
DA:6,4
DA:8,4
DA:10,1
DA:12,1
DA:14,1
DA:19,4
DA:20,4
DA:21,4
DA:23,1
DA:25,1
DA:27,1
DA:43,4
DA:52,2
DA:55,4
DA:56,4
DA:57,4
DA:58,4
DA:59,4
DA:61,10
DA:62,4
DA:63,8
DA:68,8
DA:69,4
DA:70,4
DA:71,8
DA:72,4
DA:73,4
DA:74,8
DA:77,12
DA:79,1
DA:80,2
LF:31
LH:31
end_of_record
SF:lib\app\app.dart
DA:12,1
DA:15,1
DA:17,1
DA:18,1
DA:19,4
DA:21,1
DA:23,1
DA:24,1
LF:8
LH:8
end_of_record
SF:lib\app\routes.dart
DA:11,3
DA:13,12
DA:14,4
DA:15,4
DA:16,2
DA:17,1
DA:19,3
DA:20,2
DA:21,1
DA:23,2
DA:24,2
DA:25,2
LF:12
LH:12
end_of_record
SF:lib\settings\app_settings.dart
DA:12,11
DA:14,22
DA:17,20
DA:20,2
DA:21,2
DA:22,6
DA:23,2
DA:27,2
DA:28,6
DA:31,1
DA:32,2
LF:11
LH:11
end_of_record
SF:lib\app\theme.dart
DA:3,3
LF:1
LH:1
end_of_record
SF:lib\pages\chatgpt\chatgpt_page.dart
DA:6,2
DA:7,1
DA:10,2
DA:12,2
DA:15,2
LF:5
LH:5
end_of_record
SF:lib\pages\login\initialization_page.dart
DA:11,3
DA:12,3
DA:13,3
DA:15,2
DA:17,2
DA:19,2
DA:20,2
DA:23,4
LF:8
LH:8
end_of_record
SF:lib\pages\login\login_page.dart
DA:12,4
DA:17,4
DA:19,4
DA:21,4
DA:22,4
DA:23,4
DA:24,4
DA:26,4
DA:29,4
DA:31,4
DA:38,4
DA:56,4
DA:58,4
DA:66,4
DA:70,1
DA:73,1
DA:76,2
DA:78,1
DA:79,1
DA:80,1
DA:81,1
DA:83,1
DA:86,2
DA:100,4
DA:102,4
DA:106,1
DA:109,1
DA:110,1
DA:111,1
DA:112,1
DA:113,1
DA:115,1
DA:118,2
DA:144,4
DA:150,4
DA:152,4
DA:154,4
DA:156,4
DA:157,4
DA:158,4
DA:162,4
DA:164,4
DA:166,4
DA:167,8
LF:44
LH:44
end_of_record
SF:lib\pages\modules\modules_list.dart
DA:13,2
DA:15,2
DA:17,2
DA:18,2
DA:36,2
DA:38,2
DA:39,4
DA:40,6
DA:41,2
DA:44,2
DA:45,2
DA:46,2
DA:47,2
DA:48,2
DA:49,2
DA:50,2
DA:51,2
DA:53,4
DA:54,4
DA:55,4
DA:60,1
DA:61,1
DA:62,1
DA:63,3
DA:67,1
DA:68,1
DA:69,1
DA:70,1
DA:71,1
DA:72,1
DA:73,1
DA:74,1
DA:75,1
DA:77,2
DA:79,1
DA:81,2
DA:83,1
DA:85,2
DA:87,1
DA:89,2
DA:91,1
DA:93,2
DA:94,1
DA:95,2
DA:96,1
DA:98,1
DA:99,1
DA:110,1
DA:111,2
DA:112,1
DA:113,1
DA:114,2
DA:116,1
DA:117,2
DA:120,1
DA:121,2
DA:122,1
DA:123,2
DA:124,1
DA:128,2
DA:130,2
DA:131,2
DA:135,2
DA:136,2
DA:138,2
DA:142,2
DA:143,2
DA:144,6
DA:145,2
DA:146,6
DA:147,2
DA:148,1
DA:149,1
DA:150,1
DA:151,1
DA:152,1
DA:154,1
DA:155,1
DA:163,1
DA:165,1
DA:166,1
DA:168,1
DA:169,1
DA:170,1
DA:172,1
DA:176,1
DA:178,1
DA:179,1
DA:180,1
DA:182,1
DA:188,1
DA:189,2
DA:190,1
DA:191,2
DA:192,1
DA:197,1
DA:200,1
DA:201,2
DA:213,2
DA:215,2
DA:216,2
DA:218,1
DA:219,2
DA:220,2
DA:221,1
DA:230,2
DA:231,2
DA:239,2
DA:241,4
DA:242,2
LF:110
LH:110
end_of_record
SF:lib\pages\moodle\moodle_page.dart
DA:6,2
DA:7,1
DA:10,2
DA:12,2
DA:15,2
LF:5
LH:5
end_of_record
SF:lib\pages\my_courses\my_courses_page.dart
DA:16,4
DA:17,10
DA:21,4
DA:22,4
DA:29,4
DA:31,4
DA:32,12
DA:35,4
DA:37,4
DA:38,4
DA:42,4
DA:43,4
DA:46,1
DA:47,2
DA:52,4
DA:53,4
DA:54,16
DA:55,4
DA:56,4
DA:58,2
DA:59,2
DA:60,2
DA:61,1
DA:62,1
DA:63,1
DA:64,1
DA:65,1
DA:67,1
DA:68,1
DA:69,2
DA:72,2
DA:74,1
DA:75,1
DA:76,1
DA:78,1
DA:79,2
DA:80,2
DA:81,1
DA:83,1
DA:84,1
DA:88,1
DA:89,2
DA:90,2
DA:94,1
DA:97,3
DA:105,4
DA:107,6
DA:119,4
DA:121,1
DA:122,1
LF:50
LH:50
end_of_record
SF:lib\pages\primuss\primuss_page.dart
DA:6,2
DA:7,1
DA:10,2
DA:12,2
DA:15,2
LF:5
LH:5
end_of_record
SF:lib\pages\todos\todos_page.dart
DA:17,2
DA:18,2
DA:21,2
DA:22,2
DA:28,2
DA:30,2
DA:31,6
DA:35,2
DA:37,2
DA:38,2
DA:44,2
DA:46,2
DA:47,2
DA:49,8
DA:50,2
DA:51,2
DA:52,1
DA:53,1
DA:54,1
DA:55,1
DA:56,1
DA:57,1
DA:58,1
DA:59,1
DA:60,1
DA:61,2
DA:62,1
DA:63,1
DA:64,2
DA:65,1
DA:67,2
DA:71,2
DA:72,1
DA:74,1
DA:75,2
DA:76,1
DA:77,6
DA:79,3
DA:82,1
DA:84,1
DA:85,1
DA:89,1
DA:90,1
DA:92,2
DA:93,1
DA:94,2
DA:97,2
DA:98,2
DA:102,1
DA:106,1
DA:107,2
DA:108,3
DA:118,2
DA:119,6
DA:129,2
DA:131,2
DA:133,1
DA:134,1
DA:135,3
DA:138,1
DA:145,1
DA:146,2
DA:147,2
DA:149,2
DA:150,1
DA:153,3
LF:66
LH:66
end_of_record
SF:lib\controller\module_controller.dart
DA:9,12
DA:12,1
DA:14,4
DA:17,2
DA:18,3
DA:20,1
DA:22,4
DA:25,1
DA:28,1
DA:33,3
DA:42,3
DA:43,3
DA:44,3
DA:49,3
DA:50,1
DA:55,12
DA:58,3
DA:61,6
DA:62,9
DA:63,3
DA:65,10
DA:67,1
DA:70,1
DA:73,2
DA:78,1
DA:80,4
DA:83,2
DA:84,4
DA:86,1
LF:29
LH:29
end_of_record
SF:lib\model\module.dart
DA:20,5
DA:41,2
DA:42,1
DA:43,1
DA:44,1
DA:45,1
DA:46,1
DA:47,1
DA:48,1
DA:49,1
DA:50,1
DA:51,1
DA:52,1
DA:53,1
DA:54,1
DA:55,1
DA:56,1
DA:57,1
DA:58,1
DA:62,6
DA:63,3
DA:64,3
DA:65,3
DA:66,3
DA:67,3
DA:68,3
DA:69,3
DA:70,3
DA:71,3
DA:72,3
DA:73,3
DA:74,3
DA:75,3
DA:76,3
DA:77,3
DA:78,3
DA:79,3
LF:37
LH:37
end_of_record
SF:lib\controller\task_controller.dart
DA:9,9
DA:10,12
DA:14,4
DA:16,4
DA:18,3
DA:20,15
DA:23,4
DA:24,2
DA:25,6
DA:26,6
DA:28,1
DA:33,3
DA:35,3
DA:41,9
DA:44,15
DA:45,3
DA:46,3
DA:49,4
DA:50,8
DA:52,1
DA:57,3
DA:59,18
DA:60,3
DA:61,3
DA:64,4
DA:65,1
DA:70,2
DA:72,10
DA:75,4
DA:76,1
LF:30
LH:30
end_of_record
SF:lib\controller\user_controller.dart
DA:9,3
DA:12,2
DA:14,1
DA:16,5
DA:19,2
DA:20,4
DA:22,1
LF:7
LH:7
end_of_record
SF:lib\model\app_user.dart
DA:6,7
DA:8,7
DA:10,6
DA:12,1
DA:17,12
DA:19,12
DA:21,12
DA:23,10
DA:36,12
DA:42,14
DA:43,7
DA:44,7
DA:45,14
DA:48,24
DA:49,12
DA:50,12
DA:51,24
DA:54,21
DA:56,12
DA:57,24
LF:20
LH:20
end_of_record
SF:lib\model\weekday.dart
DA:12,4
DA:14,4
DA:16,4
DA:18,3
DA:20,3
DA:22,3
DA:24,3
DA:26,3
DA:31,2
DA:32,2
DA:33,2
DA:35,2
DA:37,1
DA:39,1
DA:41,1
DA:43,1
DA:45,1
LF:17
LH:17
end_of_record
SF:lib\shared\integrated_browser.dart
DA:10,4
DA:19,4
DA:21,8
DA:22,16
DA:23,4
DA:24,4
DA:27,8
DA:30,8
LF:8
LH:8
end_of_record
SF:lib\services\login_service.dart
DA:12,2
DA:16,2
DA:18,1
DA:20,3
DA:21,2
DA:22,3
DA:23,2
DA:26,3
DA:31,1
DA:32,2
DA:33,2
LF:11
LH:11
end_of_record
SF:lib\pages\modules\module_details_page.dart
DA:12,3
DA:16,3
DA:19,3
DA:21,3
DA:23,6
DA:25,3
DA:26,3
DA:28,12
DA:29,3
DA:31,3
DA:34,3
DA:36,3
DA:38,3
DA:39,9
DA:40,12
DA:41,12
DA:42,3
DA:43,6
DA:44,9
DA:45,9
DA:46,9
DA:47,9
DA:48,3
DA:49,6
DA:50,9
DA:51,9
DA:52,3
DA:53,6
DA:54,9
DA:58,3
DA:59,1
DA:60,2
DA:61,4
DA:62,5
DA:63,5
DA:65,2
DA:66,4
DA:68,1
DA:75,1
DA:76,3
DA:79,1
DA:80,3
DA:89,2
DA:90,1
DA:91,1
DA:97,2
DA:106,3
DA:107,3
DA:109,3
DA:111,3
DA:112,3
DA:116,3
DA:124,3
DA:126,3
LF:54
LH:54
end_of_record
SF:lib\pages\modules\module_search_delegate.dart
DA:11,2
DA:13,2
DA:15,2
DA:16,2
DA:18,2
DA:23,2
DA:25,2
DA:27,2
DA:31,2
DA:33,2
DA:34,4
DA:35,2
DA:36,2
DA:38,2
DA:39,4
DA:41,2
DA:42,4
DA:43,6
DA:46,2
DA:47,4
DA:48,2
DA:49,4
DA:50,2
DA:51,4
DA:52,4
DA:53,1
DA:54,3
DA:55,1
DA:56,2
DA:67,2
DA:69,2
LF:31
LH:31
end_of_record
SF:lib\shared\menu_drawer.dart
DA:9,97
DA:13,2
DA:15,2
DA:19,2
DA:22,2
DA:23,2
DA:24,8
DA:25,10
DA:34,2
DA:41,1
DA:42,1
DA:45,2
DA:52,1
DA:53,1
DA:56,2
DA:63,1
DA:64,1
DA:68,2
DA:75,1
DA:76,1
DA:79,2
DA:86,1
DA:87,1
DA:90,2
DA:97,1
DA:98,1
DA:102,2
DA:113,1
DA:116,1
DA:117,1
DA:118,1
DA:119,1
DA:120,1
DA:121,1
DA:122,2
LF:35
LH:35
end_of_record
SF:lib\pages\my_courses\update_course_dialog.dart
DA:12,2
DA:15,2
DA:17,2
DA:18,2
DA:24,1
DA:25,3
DA:29,5
DA:31,1
DA:32,2
DA:35,1
DA:36,1
DA:38,1
DA:43,1
DA:44,1
DA:46,1
DA:47,1
DA:48,1
DA:54,2
DA:56,2
DA:57,2
DA:58,2
DA:60,2
DA:62,2
DA:63,2
DA:64,4
DA:68,2
DA:70,2
DA:71,2
DA:73,2
DA:75,2
DA:77,2
DA:78,2
DA:85,2
DA:87,2
DA:88,6
DA:96,2
DA:98,2
DA:99,2
DA:106,2
DA:108,2
DA:109,6
DA:117,2
DA:119,2
DA:120,2
DA:127,2
DA:129,2
DA:130,8
DA:137,2
DA:139,2
DA:140,2
DA:147,2
DA:149,2
DA:151,1
DA:153,1
DA:155,2
DA:156,3
DA:160,8
DA:162,13
DA:169,2
DA:171,2
DA:172,2
DA:179,2
DA:181,2
DA:183,1
DA:185,1
DA:187,2
DA:188,3
DA:192,8
DA:194,13
DA:206,2
DA:208,2
DA:209,2
DA:211,2
DA:222,2
DA:224,2
DA:225,2
DA:232,2
DA:234,2
DA:236,6
DA:240,1
DA:242,2
DA:243,3
DA:247,4
DA:248,2
DA:250,2
DA:251,2
DA:253,2
DA:258,2
DA:260,2
DA:261,2
DA:268,2
DA:270,2
DA:272,1
DA:274,1
DA:276,2
DA:277,3
DA:282,2
DA:283,6
DA:285,3
DA:286,1
DA:293,2
DA:295,2
DA:296,2
DA:303,2
DA:305,2
DA:307,1
DA:309,1
DA:311,2
DA:312,3
DA:316,2
DA:317,6
DA:319,3
DA:320,1
DA:333,2
DA:335,2
DA:336,2
DA:338,2
DA:349,2
DA:351,2
DA:352,2
DA:359,2
DA:361,2
DA:363,6
DA:367,1
DA:371,2
DA:372,3
DA:375,4
DA:376,2
DA:378,2
DA:379,2
DA:381,2
DA:386,2
DA:388,2
DA:389,2
DA:396,2
DA:398,2
DA:400,1
DA:402,1
DA:404,2
DA:405,3
DA:409,2
DA:410,6
DA:412,3
DA:413,1
DA:420,2
DA:422,2
DA:423,2
DA:430,2
DA:432,2
DA:434,1
DA:436,1
DA:438,2
DA:439,3
DA:443,2
DA:444,6
DA:446,3
DA:447,1
DA:460,2
DA:462,2
DA:464,2
LF:160
LH:160
end_of_record
SF:lib\pages\todos\create_todo_dialog.dart
DA:16,4
DA:18,2
DA:19,2
DA:21,2
DA:23,2
DA:33,2
DA:35,6
DA:37,4
DA:38,10
DA:39,8
DA:41,2
DA:43,2
DA:46,2
DA:47,2
DA:54,2
DA:57,1
DA:58,1
DA:62,2
DA:64,2
DA:68,1
DA:69,2
DA:70,1
DA:73,6
DA:74,2
DA:76,4
DA:78,2
DA:81,2
DA:83,2
DA:85,8
DA:86,4
DA:90,2
DA:91,6
DA:92,4
DA:93,2
DA:94,2
DA:96,6
DA:98,1
DA:101,1
DA:105,2
DA:106,1
DA:107,2
DA:114,6
DA:116,4
DA:117,2
DA:118,2
DA:121,1
DA:124,1
DA:128,2
DA:129,1
DA:130,2
DA:140,2
DA:141,4
DA:142,2
DA:144,2
LF:54
LH:54
end_of_record
SF:lib\shared\date_picker.dart
DA:7,3
DA:11,3
DA:16,3
DA:17,3
DA:25,3
DA:26,3
DA:27,3
DA:28,2
DA:29,2
DA:31,6
DA:39,2
DA:41,2
DA:43,2
DA:44,2
DA:47,2
DA:48,2
DA:49,2
DA:55,3
DA:57,6
DA:58,3
DA:59,3
DA:62,2
DA:64,4
DA:65,4
DA:66,6
DA:67,2
DA:68,2
DA:69,10
DA:70,10
DA:74,6
DA:78,3
DA:80,3
DA:81,2
DA:82,4
DA:88,3
DA:89,6
LF:36
LH:36
end_of_record
